[2025-01-30T21:33:33.245+0530] {processor.py:186} INFO - Started process (PID=7000) to work on /Library/Frameworks/Python.framework/Versions/3.12/lib/python3.12/site-packages/airflow/example_dags/example_xcomargs.py
[2025-01-30T21:33:33.247+0530] {processor.py:914} INFO - Processing file /Library/Frameworks/Python.framework/Versions/3.12/lib/python3.12/site-packages/airflow/example_dags/example_xcomargs.py for tasks to queue
[2025-01-30T21:33:33.248+0530] {logging_mixin.py:190} INFO - [2025-01-30T21:33:33.248+0530] {dagbag.py:588} INFO - Filling up the DagBag from /Library/Frameworks/Python.framework/Versions/3.12/lib/python3.12/site-packages/airflow/example_dags/example_xcomargs.py
[2025-01-30T21:33:33.297+0530] {processor.py:925} INFO - DAG(s) 'example_xcom_args', 'example_xcom_args_with_operators' retrieved from /Library/Frameworks/Python.framework/Versions/3.12/lib/python3.12/site-packages/airflow/example_dags/example_xcomargs.py
[2025-01-30T21:33:33.581+0530] {logging_mixin.py:190} INFO - [2025-01-30T21:33:33.581+0530] {override.py:1911} INFO - Created Permission View: can delete on DAG:example_xcom_args
[2025-01-30T21:33:33.591+0530] {logging_mixin.py:190} INFO - [2025-01-30T21:33:33.591+0530] {override.py:1911} INFO - Created Permission View: can read on DAG:example_xcom_args
[2025-01-30T21:33:33.597+0530] {logging_mixin.py:190} INFO - [2025-01-30T21:33:33.597+0530] {override.py:1911} INFO - Created Permission View: can edit on DAG:example_xcom_args
[2025-01-30T21:33:33.605+0530] {logging_mixin.py:190} INFO - [2025-01-30T21:33:33.605+0530] {override.py:1911} INFO - Created Permission View: can delete on DAG Run:example_xcom_args
[2025-01-30T21:33:33.612+0530] {logging_mixin.py:190} INFO - [2025-01-30T21:33:33.611+0530] {override.py:1911} INFO - Created Permission View: menu access on DAG Run:example_xcom_args
[2025-01-30T21:33:33.618+0530] {logging_mixin.py:190} INFO - [2025-01-30T21:33:33.618+0530] {override.py:1911} INFO - Created Permission View: can read on DAG Run:example_xcom_args
[2025-01-30T21:33:33.624+0530] {logging_mixin.py:190} INFO - [2025-01-30T21:33:33.624+0530] {override.py:1911} INFO - Created Permission View: can create on DAG Run:example_xcom_args
[2025-01-30T21:33:33.639+0530] {logging_mixin.py:190} INFO - [2025-01-30T21:33:33.638+0530] {override.py:1911} INFO - Created Permission View: can delete on DAG:example_xcom_args_with_operators
[2025-01-30T21:33:33.645+0530] {logging_mixin.py:190} INFO - [2025-01-30T21:33:33.645+0530] {override.py:1911} INFO - Created Permission View: can read on DAG:example_xcom_args_with_operators
[2025-01-30T21:33:33.651+0530] {logging_mixin.py:190} INFO - [2025-01-30T21:33:33.651+0530] {override.py:1911} INFO - Created Permission View: can edit on DAG:example_xcom_args_with_operators
[2025-01-30T21:33:33.659+0530] {logging_mixin.py:190} INFO - [2025-01-30T21:33:33.659+0530] {override.py:1911} INFO - Created Permission View: can delete on DAG Run:example_xcom_args_with_operators
[2025-01-30T21:33:33.665+0530] {logging_mixin.py:190} INFO - [2025-01-30T21:33:33.665+0530] {override.py:1911} INFO - Created Permission View: menu access on DAG Run:example_xcom_args_with_operators
[2025-01-30T21:33:33.672+0530] {logging_mixin.py:190} INFO - [2025-01-30T21:33:33.671+0530] {override.py:1911} INFO - Created Permission View: can read on DAG Run:example_xcom_args_with_operators
[2025-01-30T21:33:33.678+0530] {logging_mixin.py:190} INFO - [2025-01-30T21:33:33.678+0530] {override.py:1911} INFO - Created Permission View: can create on DAG Run:example_xcom_args_with_operators
[2025-01-30T21:33:33.678+0530] {logging_mixin.py:190} INFO - [2025-01-30T21:33:33.678+0530] {dag.py:3239} INFO - Sync 2 DAGs
[2025-01-30T21:33:33.692+0530] {logging_mixin.py:190} INFO - [2025-01-30T21:33:33.691+0530] {dag.py:3262} INFO - Creating ORM DAG for example_xcom_args_with_operators
[2025-01-30T21:33:33.692+0530] {logging_mixin.py:190} INFO - [2025-01-30T21:33:33.692+0530] {dag.py:3262} INFO - Creating ORM DAG for example_xcom_args
[2025-01-30T21:33:33.693+0530] {logging_mixin.py:190} INFO - [2025-01-30T21:33:33.693+0530] {dag.py:4180} INFO - Setting next_dagrun for example_xcom_args to None, run_after=None
[2025-01-30T21:33:33.694+0530] {logging_mixin.py:190} INFO - [2025-01-30T21:33:33.693+0530] {dag.py:4180} INFO - Setting next_dagrun for example_xcom_args_with_operators to None, run_after=None
[2025-01-30T21:33:33.712+0530] {processor.py:208} INFO - Processing /Library/Frameworks/Python.framework/Versions/3.12/lib/python3.12/site-packages/airflow/example_dags/example_xcomargs.py took 0.471 seconds
